Arguments: 
  /usr/local/bin/node /usr/bin/yarn install

PATH: 
  /usr/local/sbin:/usr/local/bin:/usr/bin:/home/ryan/.scripts:/home/ryan/.gem/ruby/2.6.0/bin:/usr/lib/jvm/default/bin:/usr/bin/site_perl:/usr/bin/vendor_perl:/usr/bin/core_perl:/opt/android-sdk/tools:/opt/android-sdk/tools/bin:/opt/android-sdk/platform-tools:/opt/android-sdk/emulator:/opt/android-sdk/tools:/opt/android-sdk/tools/bin:/opt/android-sdk/platform-tools:/opt/android-sdk/emulator

Yarn version: 
  1.22.19

Node version: 
  16.13.1

Platform: 
  linux x64

Trace: 
  Error: EACCES: permission denied, unlink '/home/ryan/skytower/testing/cam-final/node_modules/@expo/osascript/node_modules/.bin/node-which'

npm manifest: 
  {
    "name": "cam-test2",
    "version": "1.0.0",
    "main": "node_modules/expo/AppEntry.js",
    "scripts": {
      "start": "expo start",
      "android": "expo start --android",
      "ios": "expo start --ios",
      "web": "expo start --web",
      "eject": "expo eject"
    },
    "dependencies": {
      "@react-native-async-storage/async-storage": "~1.17.3",
      "@react-navigation/native": "^6.0.10",
      "@react-navigation/stack": "^6.2.1",
      "expo": "~45.0.0",
      "expo-application": "~4.1.0",
      "expo-auth-session": "~3.6.1",
      "expo-camera": "~12.2.0",
      "expo-google-drive-api-wrapper": "^1.0.2",
      "expo-media-library": "~14.1.0",
      "expo-random": "~12.2.0",
      "expo-status-bar": "~1.3.0",
      "expo-web-browser": "~10.2.1",
      "jwt-decode": "^3.1.2",
      "react": "17.0.2",
      "react-dom": "17.0.2",
      "react-native": "0.68.2",
      "react-native-gesture-handler": "~2.2.1",
      "react-native-safe-area-context": "4.2.4",
      "react-native-web": "0.17.7",
      "utf8": "^3.0.0"
    },
    "devDependencies": {
      "@babel/core": "^7.12.9"
    },
    "private": true
  }

yarn manifest: 
  No manifest

Lockfile: 
  No lockfile
